added manifest
adding: HadoopSort.class(in = 1806) (out= 974)(deflated 46%)
adding: HadoopSort$SumReducer.class(in = 1518) (out= 635)(deflated 58%)
adding: HadoopSort$TokenizeMapper.class(in = 1860) (out= 778)(deflated 58%)
18/04/29 21:10:49 INFO client.RMProxy: Connecting to ResourceManager at hadoop-f/192.168.2.30:8032
18/04/29 21:10:50 WARN mapreduce.JobResourceUploader: Hadoop command-line option parsing not performed. Implement the Tool interface and execute your application with ToolRunner to remedy this.
18/04/29 21:10:50 INFO input.FileInputFormat: Total input files to process : 1
18/04/29 21:10:50 INFO mapreduce.JobSubmitter: number of splits:1192
18/04/29 21:10:50 INFO Configuration.deprecation: yarn.resourcemanager.system-metrics-publisher.enabled is deprecated. Instead, use yarn.system-metrics-publisher.enabled
18/04/29 21:10:51 INFO mapreduce.JobSubmitter: Submitting tokens for job: job_1524521941871_0459
18/04/29 21:10:51 INFO impl.YarnClientImpl: Submitted application application_1524521941871_0459
18/04/29 21:10:51 INFO mapreduce.Job: The url to track the job: http://hadoop-f:8088/proxy/application_1524521941871_0459/
18/04/29 21:10:51 INFO mapreduce.Job: Running job: job_1524521941871_0459
18/04/29 21:10:59 INFO mapreduce.Job: Job job_1524521941871_0459 running in uber mode : false
18/04/29 21:10:59 INFO mapreduce.Job:  map 0% reduce 0%
18/04/29 21:11:21 INFO mapreduce.Job:  map 1% reduce 0%
18/04/29 21:11:24 INFO mapreduce.Job:  map 2% reduce 0%
18/04/29 21:11:25 INFO mapreduce.Job:  map 3% reduce 0%
18/04/29 21:11:45 INFO mapreduce.Job:  map 4% reduce 0%
18/04/29 21:11:47 INFO mapreduce.Job:  map 5% reduce 0%
18/04/29 21:11:55 INFO mapreduce.Job:  map 6% reduce 0%
18/04/29 21:12:09 INFO mapreduce.Job:  map 7% reduce 0%
18/04/29 21:12:12 INFO mapreduce.Job:  map 8% reduce 0%
18/04/29 21:12:13 INFO mapreduce.Job:  map 8% reduce 1%
18/04/29 21:12:25 INFO mapreduce.Job:  map 8% reduce 2%
18/04/29 21:12:29 INFO mapreduce.Job:  map 9% reduce 2%
18/04/29 21:12:35 INFO mapreduce.Job:  map 10% reduce 2%
18/04/29 21:12:44 INFO mapreduce.Job:  map 10% reduce 3%
18/04/29 21:12:47 INFO mapreduce.Job:  map 11% reduce 3%
18/04/29 21:12:55 INFO mapreduce.Job:  map 12% reduce 3%
18/04/29 21:13:03 INFO mapreduce.Job:  map 13% reduce 3%
18/04/29 21:13:08 INFO mapreduce.Job:  map 13% reduce 4%
18/04/29 21:13:12 INFO mapreduce.Job:  map 14% reduce 4%
18/04/29 21:13:22 INFO mapreduce.Job:  map 15% reduce 4%
18/04/29 21:13:26 INFO mapreduce.Job:  map 15% reduce 5%
18/04/29 21:13:31 INFO mapreduce.Job:  map 16% reduce 5%
18/04/29 21:13:40 INFO mapreduce.Job:  map 17% reduce 5%
18/04/29 21:13:50 INFO mapreduce.Job:  map 18% reduce 5%
18/04/29 21:13:51 INFO mapreduce.Job:  map 18% reduce 6%
18/04/29 21:14:02 INFO mapreduce.Job:  map 19% reduce 6%
18/04/29 21:14:08 INFO mapreduce.Job:  map 20% reduce 6%
18/04/29 21:14:15 INFO mapreduce.Job:  map 21% reduce 7%
18/04/29 21:14:26 INFO mapreduce.Job:  map 22% reduce 7%
18/04/29 21:14:31 INFO mapreduce.Job:  map 23% reduce 7%
18/04/29 21:14:39 INFO mapreduce.Job:  map 23% reduce 8%
18/04/29 21:14:46 INFO mapreduce.Job:  map 24% reduce 8%
18/04/29 21:14:52 INFO mapreduce.Job:  map 25% reduce 8%
18/04/29 21:14:58 INFO mapreduce.Job:  map 26% reduce 8%
18/04/29 21:15:03 INFO mapreduce.Job:  map 26% reduce 9%
18/04/29 21:15:08 INFO mapreduce.Job:  map 27% reduce 9%
18/04/29 21:15:16 INFO mapreduce.Job:  map 28% reduce 9%
18/04/29 21:15:28 INFO mapreduce.Job:  map 29% reduce 9%
18/04/29 21:15:33 INFO mapreduce.Job:  map 29% reduce 10%
18/04/29 21:15:36 INFO mapreduce.Job:  map 30% reduce 10%
18/04/29 21:15:40 INFO mapreduce.Job:  map 31% reduce 10%
18/04/29 21:15:52 INFO mapreduce.Job:  map 32% reduce 10%
18/04/29 21:15:57 INFO mapreduce.Job:  map 32% reduce 11%
18/04/29 21:15:59 INFO mapreduce.Job:  map 33% reduce 11%
18/04/29 21:16:10 INFO mapreduce.Job:  map 34% reduce 11%
18/04/29 21:16:20 INFO mapreduce.Job:  map 35% reduce 11%
18/04/29 21:16:26 INFO mapreduce.Job:  map 36% reduce 11%
18/04/29 21:16:28 INFO mapreduce.Job:  map 36% reduce 12%
18/04/29 21:16:39 INFO mapreduce.Job:  map 37% reduce 12%
18/04/29 21:16:44 INFO mapreduce.Job:  map 38% reduce 12%
18/04/29 21:16:52 INFO mapreduce.Job:  map 38% reduce 13%
18/04/29 21:16:57 INFO mapreduce.Job:  map 39% reduce 13%
18/04/29 21:17:05 INFO mapreduce.Job:  map 40% reduce 13%
18/04/29 21:17:07 INFO mapreduce.Job:  map 41% reduce 13%
18/04/29 21:17:16 INFO mapreduce.Job:  map 41% reduce 14%
18/04/29 21:17:24 INFO mapreduce.Job:  map 42% reduce 14%
18/04/29 21:17:26 INFO mapreduce.Job:  map 43% reduce 14%
18/04/29 21:17:41 INFO mapreduce.Job:  map 44% reduce 14%
18/04/29 21:17:47 INFO mapreduce.Job:  map 45% reduce 15%
18/04/29 21:17:53 INFO mapreduce.Job:  map 46% reduce 15%
18/04/29 21:18:03 INFO mapreduce.Job:  map 47% reduce 15%
18/04/29 21:18:11 INFO mapreduce.Job:  map 47% reduce 16%
18/04/29 21:18:13 INFO mapreduce.Job:  map 48% reduce 16%
18/04/29 21:18:22 INFO mapreduce.Job:  map 49% reduce 16%
18/04/29 21:18:29 INFO mapreduce.Job:  map 50% reduce 16%
18/04/29 21:18:34 INFO mapreduce.Job:  map 50% reduce 17%
18/04/29 21:18:41 INFO mapreduce.Job:  map 51% reduce 17%
18/04/29 21:18:46 INFO mapreduce.Job:  map 52% reduce 17%
18/04/29 21:18:59 INFO mapreduce.Job:  map 53% reduce 17%
18/04/29 21:19:04 INFO mapreduce.Job:  map 53% reduce 18%
18/04/29 21:19:06 INFO mapreduce.Job:  map 54% reduce 18%
18/04/29 21:19:12 INFO mapreduce.Job:  map 55% reduce 18%
18/04/29 21:19:20 INFO mapreduce.Job:  map 56% reduce 18%
18/04/29 21:19:29 INFO mapreduce.Job:  map 56% reduce 19%
18/04/29 21:19:31 INFO mapreduce.Job:  map 57% reduce 19%
18/04/29 21:19:40 INFO mapreduce.Job:  map 58% reduce 19%
18/04/29 21:19:52 INFO mapreduce.Job:  map 59% reduce 19%
18/04/29 21:19:55 INFO mapreduce.Job:  map 60% reduce 19%
18/04/29 21:20:00 INFO mapreduce.Job:  map 60% reduce 20%
18/04/29 21:20:04 INFO mapreduce.Job:  map 61% reduce 20%
18/04/29 21:20:18 INFO mapreduce.Job:  map 62% reduce 20%
18/04/29 21:20:23 INFO mapreduce.Job:  map 62% reduce 21%
18/04/29 21:20:27 INFO mapreduce.Job:  map 63% reduce 21%
18/04/29 21:20:37 INFO mapreduce.Job:  map 64% reduce 21%
18/04/29 21:20:54 INFO mapreduce.Job:  map 65% reduce 21%
18/04/29 21:20:59 INFO mapreduce.Job:  map 65% reduce 22%
18/04/29 21:21:01 INFO mapreduce.Job:  map 66% reduce 22%
18/04/29 21:21:15 INFO mapreduce.Job:  map 5% reduce 0%
18/04/29 21:21:16 INFO mapreduce.Job:  map 53% reduce 0%
18/04/29 21:21:38 INFO mapreduce.Job:  map 54% reduce 0%
18/04/29 21:21:39 INFO mapreduce.Job:  map 55% reduce 0%
18/04/29 21:21:58 INFO mapreduce.Job:  map 56% reduce 0%
18/04/29 21:22:07 INFO mapreduce.Job:  map 57% reduce 0%
18/04/29 21:22:23 INFO mapreduce.Job:  map 58% reduce 0%
18/04/29 21:22:28 INFO mapreduce.Job:  map 59% reduce 0%
18/04/29 21:22:43 INFO mapreduce.Job:  map 60% reduce 0%
18/04/29 21:22:52 INFO mapreduce.Job:  map 61% reduce 0%
18/04/29 21:23:03 INFO mapreduce.Job:  map 62% reduce 0%
18/04/29 21:23:13 INFO mapreduce.Job:  map 63% reduce 0%
18/04/29 21:23:23 INFO mapreduce.Job:  map 64% reduce 0%
18/04/29 21:23:34 INFO mapreduce.Job:  map 65% reduce 0%
18/04/29 21:23:45 INFO mapreduce.Job:  map 66% reduce 0%
18/04/29 21:23:56 INFO mapreduce.Job:  map 67% reduce 0%
18/04/29 21:24:06 INFO mapreduce.Job:  map 67% reduce 1%
18/04/29 21:24:11 INFO mapreduce.Job:  map 68% reduce 1%
18/04/29 21:24:24 INFO mapreduce.Job:  map 68% reduce 2%
18/04/29 21:24:27 INFO mapreduce.Job:  map 69% reduce 2%
18/04/29 21:24:35 INFO mapreduce.Job:  map 69% reduce 3%
18/04/29 21:24:40 INFO mapreduce.Job:  map 70% reduce 3%
18/04/29 21:24:58 INFO mapreduce.Job:  map 71% reduce 3%
18/04/29 21:25:00 INFO mapreduce.Job:  map 71% reduce 4%
18/04/29 21:25:06 INFO mapreduce.Job:  map 72% reduce 4%
18/04/29 21:25:12 INFO mapreduce.Job:  map 72% reduce 5%
18/04/29 21:25:26 INFO mapreduce.Job:  map 73% reduce 5%
18/04/29 21:25:30 INFO mapreduce.Job:  map 73% reduce 6%
18/04/29 21:25:46 INFO mapreduce.Job:  map 74% reduce 6%
18/04/29 21:25:55 INFO mapreduce.Job:  map 74% reduce 7%
18/04/29 21:25:56 INFO mapreduce.Job:  map 75% reduce 7%
18/04/29 21:26:08 INFO mapreduce.Job:  map 76% reduce 7%
18/04/29 21:26:13 INFO mapreduce.Job:  map 76% reduce 8%
18/04/29 21:26:24 INFO mapreduce.Job:  map 77% reduce 8%
18/04/29 21:26:26 INFO mapreduce.Job:  map 77% reduce 9%
18/04/29 21:26:41 INFO mapreduce.Job:  map 78% reduce 9%
18/04/29 21:26:43 INFO mapreduce.Job:  map 78% reduce 10%
18/04/29 21:26:52 INFO mapreduce.Job:  map 79% reduce 10%
18/04/29 21:27:02 INFO mapreduce.Job:  map 79% reduce 11%
18/04/29 21:27:05 INFO mapreduce.Job:  map 80% reduce 11%
18/04/29 21:27:07 INFO mapreduce.Job:  map 53% reduce 0%
18/04/29 21:27:14 INFO mapreduce.Job:  map 54% reduce 0%
18/04/29 21:27:34 INFO mapreduce.Job:  map 55% reduce 0%
18/04/29 21:27:53 INFO mapreduce.Job:  map 56% reduce 0%
18/04/29 21:28:09 INFO mapreduce.Job:  map 57% reduce 0%
18/04/29 21:28:22 INFO mapreduce.Job:  map 58% reduce 0%
18/04/29 21:28:37 INFO mapreduce.Job:  map 59% reduce 0%
18/04/29 21:28:58 INFO mapreduce.Job:  map 60% reduce 0%
18/04/29 21:29:13 INFO mapreduce.Job:  map 61% reduce 0%
18/04/29 21:29:24 INFO mapreduce.Job:  map 62% reduce 0%
18/04/29 21:29:42 INFO mapreduce.Job:  map 63% reduce 0%
18/04/29 21:30:01 INFO mapreduce.Job:  map 64% reduce 0%
18/04/29 21:30:12 INFO mapreduce.Job:  map 65% reduce 0%
18/04/29 21:30:28 INFO mapreduce.Job:  map 66% reduce 0%
18/04/29 21:30:47 INFO mapreduce.Job:  map 67% reduce 0%
18/04/29 21:31:01 INFO mapreduce.Job:  map 68% reduce 0%
18/04/29 21:31:16 INFO mapreduce.Job:  map 69% reduce 0%
18/04/29 21:31:34 INFO mapreduce.Job:  map 70% reduce 0%
18/04/29 21:31:50 INFO mapreduce.Job:  map 71% reduce 0%
18/04/29 21:32:05 INFO mapreduce.Job:  map 72% reduce 0%
18/04/29 21:32:20 INFO mapreduce.Job:  map 73% reduce 0%
18/04/29 21:32:40 INFO mapreduce.Job:  map 74% reduce 0%
18/04/29 21:33:01 INFO mapreduce.Job:  map 75% reduce 0%
18/04/29 21:33:06 INFO mapreduce.Job:  map 76% reduce 0%
18/04/29 21:33:25 INFO mapreduce.Job:  map 77% reduce 0%
18/04/29 21:33:48 INFO mapreduce.Job:  map 78% reduce 0%
18/04/29 21:34:06 INFO mapreduce.Job:  map 79% reduce 0%
18/04/29 21:34:14 INFO mapreduce.Job:  map 80% reduce 0%
18/04/29 21:34:35 INFO mapreduce.Job:  map 81% reduce 0%
18/04/29 21:34:37 INFO mapreduce.Job:  map 81% reduce 1%
18/04/29 21:34:55 INFO mapreduce.Job:  map 81% reduce 2%
18/04/29 21:34:56 INFO mapreduce.Job:  map 82% reduce 2%
18/04/29 21:35:14 INFO mapreduce.Job:  map 83% reduce 3%
18/04/29 21:35:31 INFO mapreduce.Job:  map 83% reduce 4%
18/04/29 21:35:36 INFO mapreduce.Job:  map 84% reduce 4%
18/04/29 21:35:50 INFO mapreduce.Job:  map 84% reduce 5%
18/04/29 21:35:55 INFO mapreduce.Job:  map 85% reduce 5%
18/04/29 21:36:07 INFO mapreduce.Job:  map 85% reduce 6%
18/04/29 21:36:15 INFO mapreduce.Job:  map 86% reduce 6%
18/04/29 21:36:32 INFO mapreduce.Job:  map 86% reduce 7%
18/04/29 21:36:38 INFO mapreduce.Job:  map 87% reduce 7%
18/04/29 21:36:50 INFO mapreduce.Job:  map 87% reduce 8%
18/04/29 21:36:57 INFO mapreduce.Job:  map 88% reduce 8%
18/04/29 14:58:01 INFO mapreduce.Job:  map 100% reduce 38%
18/04/29 14:58:07 INFO mapreduce.Job:  map 100% reduce 39%
18/04/29 14:58:13 INFO mapreduce.Job:  map 100% reduce 40%
18/04/29 14:58:19 INFO mapreduce.Job:  map 100% reduce 41%
18/04/29 14:58:25 INFO mapreduce.Job:  map 100% reduce 42%
18/04/29 14:58:37 INFO mapreduce.Job:  map 100% reduce 43%
18/04/29 14:58:43 INFO mapreduce.Job:  map 100% reduce 44%
18/04/29 14:58:49 INFO mapreduce.Job:  map 100% reduce 45%
18/04/29 14:58:55 INFO mapreduce.Job:  map 100% reduce 46%
18/04/29 14:59:07 INFO mapreduce.Job:  map 100% reduce 47%
18/04/29 14:59:13 INFO mapreduce.Job:  map 100% reduce 48%
18/04/29 14:59:19 INFO mapreduce.Job:  map 100% reduce 49%
18/04/29 14:59:25 INFO mapreduce.Job:  map 100% reduce 50%
18/04/29 14:59:31 INFO mapreduce.Job:  map 100% reduce 51%
18/04/29 14:59:44 INFO mapreduce.Job:  map 100% reduce 52%
18/04/29 14:59:50 INFO mapreduce.Job:  map 100% reduce 53%
18/04/29 14:59:56 INFO mapreduce.Job:  map 100% reduce 54%
18/04/29 15:00:02 INFO mapreduce.Job:  map 100% reduce 55%
18/04/29 15:00:08 INFO mapreduce.Job:  map 100% reduce 56%
18/04/29 15:00:20 INFO mapreduce.Job:  map 100% reduce 57%
18/04/29 15:00:26 INFO mapreduce.Job:  map 100% reduce 58%
18/04/29 15:00:31 INFO mapreduce.Job:  map 100% reduce 59%
18/04/29 15:00:37 INFO mapreduce.Job:  map 100% reduce 60%
18/04/29 15:00:43 INFO mapreduce.Job:  map 100% reduce 61%
18/04/29 15:00:55 INFO mapreduce.Job:  map 100% reduce 62%
18/04/29 15:01:01 INFO mapreduce.Job:  map 100% reduce 63%
18/04/29 15:01:07 INFO mapreduce.Job:  map 100% reduce 64%
18/04/29 15:01:13 INFO mapreduce.Job:  map 100% reduce 65%
18/04/29 15:01:25 INFO mapreduce.Job:  map 100% reduce 66%
18/04/29 15:01:31 INFO mapreduce.Job:  map 100% reduce 67%
18/04/29 15:01:43 INFO mapreduce.Job:  map 100% reduce 68%
18/04/29 15:01:49 INFO mapreduce.Job:  map 100% reduce 69%
18/04/29 15:02:01 INFO mapreduce.Job:  map 100% reduce 70%
18/04/29 15:02:13 INFO mapreduce.Job:  map 100% reduce 71%
18/04/29 15:02:25 INFO mapreduce.Job:  map 100% reduce 72%
18/04/29 15:02:38 INFO mapreduce.Job:  map 100% reduce 73%
18/04/29 15:02:50 INFO mapreduce.Job:  map 100% reduce 74%
18/04/29 15:02:56 INFO mapreduce.Job:  map 100% reduce 75%
18/04/29 15:03:08 INFO mapreduce.Job:  map 100% reduce 76%
18/04/29 15:03:20 INFO mapreduce.Job:  map 100% reduce 77%
18/04/29 15:03:32 INFO mapreduce.Job:  map 100% reduce 78%
18/04/29 15:03:44 INFO mapreduce.Job:  map 100% reduce 79%
18/04/29 15:03:50 INFO mapreduce.Job:  map 100% reduce 80%
18/04/29 15:04:02 INFO mapreduce.Job:  map 100% reduce 81%
18/04/29 15:04:14 INFO mapreduce.Job:  map 100% reduce 82%
18/04/29 15:04:26 INFO mapreduce.Job:  map 100% reduce 83%
18/04/29 15:04:38 INFO mapreduce.Job:  map 100% reduce 84%
18/04/29 15:04:50 INFO mapreduce.Job:  map 100% reduce 85%
18/04/29 15:05:02 INFO mapreduce.Job:  map 100% reduce 86%
18/04/29 15:05:08 INFO mapreduce.Job:  map 100% reduce 87%
18/04/29 15:05:20 INFO mapreduce.Job:  map 100% reduce 88%
18/04/29 15:05:33 INFO mapreduce.Job:  map 100% reduce 89%
18/04/29 15:05:45 INFO mapreduce.Job:  map 100% reduce 90%
18/04/29 15:05:57 INFO mapreduce.Job:  map 100% reduce 91%
18/04/29 15:06:09 INFO mapreduce.Job:  map 100% reduce 92%
18/04/29 15:06:21 INFO mapreduce.Job:  map 100% reduce 93%
18/04/29 15:06:27 INFO mapreduce.Job:  map 100% reduce 94%
18/04/29 15:06:39 INFO mapreduce.Job:  map 100% reduce 95%
18/04/29 15:06:51 INFO mapreduce.Job:  map 100% reduce 96%
18/04/29 15:07:03 INFO mapreduce.Job:  map 100% reduce 97%
18/04/29 15:07:14 INFO mapreduce.Job:  map 100% reduce 98%
18/04/29 15:07:26 INFO mapreduce.Job:  map 100% reduce 99%
18/04/29 15:07:38 INFO mapreduce.Job:  map 100% reduce 100%
18/04/29 15:07:39 INFO mapreduce.Job: Job job_1524521941871_0434 completed successfully
18/04/29 15:07:39 INFO mapreduce.Job: Counters: 51
	File System Counters
		FILE: Number of bytes read=55859230368
		FILE: Number of bytes written=76319468828
		FILE: Number of read operations=0
		FILE: Number of large read operations=0
		FILE: Number of write operations=0
		HDFS: Number of bytes read=20001250484
		HDFS: Number of bytes written=20000000000
		HDFS: Number of read operations=897
		HDFS: Number of large read operations=0
		HDFS: Number of write operations=2
	Job Counters 
		Killed map tasks=2
		Launched map tasks=300
		Launched reduce tasks=1
		Data-local map tasks=277
		Rack-local map tasks=23
		Total time spent by all maps in occupied slots (ms)=6061180
		Total time spent by all reduces in occupied slots (ms)=1094609
		Total time spent by all map tasks (ms)=6061180
		Total time spent by all reduce tasks (ms)=1094609
		Total vcore-milliseconds taken by all map tasks=6061180
		Total vcore-milliseconds taken by all reduce tasks=1094609
		Total megabyte-milliseconds taken by all map tasks=6206648320
		Total megabyte-milliseconds taken by all reduce tasks=1120879616
	Map-Reduce Framework
		Map input records=200000000
		Map output records=200000000
		Map output bytes=20000000000
		Map output materialized bytes=20400001788
		Input split bytes=33972
		Combine input records=200000000
		Combine output records=200000000
		Reduce input groups=200000000
		Reduce shuffle bytes=20400001788
		Reduce input records=200000000
		Reduce output records=200000000
		Spilled Records=747639494
		Shuffled Maps =298
		Failed Shuffles=0
		Merged Map outputs=298
		GC time elapsed (ms)=97523
		CPU time spent (ms)=2791790
		Physical memory (bytes) snapshot=87534698496
		Virtual memory (bytes) snapshot=588837519360
		Total committed heap usage (bytes)=61020307456
	Shuffle Errors
		BAD_ID=0
		CONNECTION=0
		IO_ERROR=0
		WRONG_LENGTH=0
		WRONG_MAP=0
		WRONG_REDUCE=0
	File Input Format Counters 
		Bytes Read=20001216512
	File Output Format Counters 
		Bytes Written=20000000000
VALIDATING THE OUTPUT...
18/04/29 15:07:42 INFO client.RMProxy: Connecting to ResourceManager at hadoop-f/192.168.2.30:8032
18/04/29 15:07:42 INFO input.FileInputFormat: Total input files to process : 1
Spent 91ms computing base-splits.
Spent 7ms computing TeraScheduler splits.
18/04/29 15:07:43 INFO mapreduce.JobSubmitter: number of splits:1
18/04/29 15:07:43 INFO Configuration.deprecation: yarn.resourcemanager.system-metrics-publisher.enabled is deprecated. Instead, use yarn.system-metrics-publisher.enabled
18/04/29 15:07:43 INFO mapreduce.JobSubmitter: Submitting tokens for job: job_1524521941871_0435
18/04/29 15:07:43 INFO impl.YarnClientImpl: Submitted application application_1524521941871_0435
18/04/29 15:07:43 INFO mapreduce.Job: The url to track the job: http://hadoop-f:8088/proxy/application_1524521941871_0435/
18/04/29 15:07:43 INFO mapreduce.Job: Running job: job_1524521941871_0435
18/04/29 15:07:50 INFO mapreduce.Job: Job job_1524521941871_0435 running in uber mode : false
18/04/29 15:07:50 INFO mapreduce.Job:  map 0% reduce 0%
18/04/29 15:08:11 INFO mapreduce.Job:  map 4% reduce 0%
18/04/29 15:08:16 INFO mapreduce.Job:  map 6% reduce 0%
18/04/29 15:08:22 INFO mapreduce.Job:  map 9% reduce 0%
18/04/29 15:08:28 INFO mapreduce.Job:  map 11% reduce 0%
18/04/29 15:08:34 INFO mapreduce.Job:  map 14% reduce 0%
18/04/29 15:08:40 INFO mapreduce.Job:  map 16% reduce 0%
18/04/29 15:08:46 INFO mapreduce.Job:  map 19% reduce 0%
18/04/29 15:08:52 INFO mapreduce.Job:  map 21% reduce 0%
18/04/29 15:08:58 INFO mapreduce.Job:  map 23% reduce 0%
18/04/29 15:09:04 INFO mapreduce.Job:  map 26% reduce 0%
18/04/29 15:09:10 INFO mapreduce.Job:  map 28% reduce 0%
18/04/29 15:09:16 INFO mapreduce.Job:  map 31% reduce 0%
18/04/29 15:09:22 INFO mapreduce.Job:  map 33% reduce 0%
18/04/29 15:09:28 INFO mapreduce.Job:  map 36% reduce 0%
18/04/29 15:09:35 INFO mapreduce.Job:  map 38% reduce 0%
18/04/29 15:09:41 INFO mapreduce.Job:  map 41% reduce 0%
18/04/29 15:09:47 INFO mapreduce.Job:  map 43% reduce 0%
18/04/29 15:09:53 INFO mapreduce.Job:  map 46% reduce 0%
18/04/29 15:09:59 INFO mapreduce.Job:  map 48% reduce 0%
18/04/29 15:10:05 INFO mapreduce.Job:  map 51% reduce 0%
18/04/29 15:10:11 INFO mapreduce.Job:  map 53% reduce 0%
18/04/29 15:10:17 INFO mapreduce.Job:  map 56% reduce 0%
18/04/29 15:10:23 INFO mapreduce.Job:  map 58% reduce 0%
18/04/29 15:10:29 INFO mapreduce.Job:  map 60% reduce 0%
18/04/29 15:10:35 INFO mapreduce.Job:  map 62% reduce 0%
18/04/29 15:10:41 INFO mapreduce.Job:  map 65% reduce 0%
18/04/29 15:10:46 INFO mapreduce.Job:  map 100% reduce 0%
18/04/29 15:10:52 INFO mapreduce.Job:  map 100% reduce 100%
18/04/29 15:10:53 INFO mapreduce.Job: Job job_1524521941871_0435 completed successfully
18/04/29 15:10:54 INFO mapreduce.Job: Counters: 49
	File System Counters
		FILE: Number of bytes read=95
		FILE: Number of bytes written=403673
		FILE: Number of read operations=0
		FILE: Number of large read operations=0
		FILE: Number of write operations=0
		HDFS: Number of bytes read=20000000128
		HDFS: Number of bytes written=25
		HDFS: Number of read operations=6
		HDFS: Number of large read operations=0
		HDFS: Number of write operations=2
	Job Counters 
		Launched map tasks=1
		Launched reduce tasks=1
		Data-local map tasks=1
		Total time spent by all maps in occupied slots (ms)=173554
		Total time spent by all reduces in occupied slots (ms)=3215
		Total time spent by all map tasks (ms)=173554
		Total time spent by all reduce tasks (ms)=3215
		Total vcore-milliseconds taken by all map tasks=173554
		Total vcore-milliseconds taken by all reduce tasks=3215
		Total megabyte-milliseconds taken by all map tasks=177719296
		Total megabyte-milliseconds taken by all reduce tasks=3292160
	Map-Reduce Framework
		Map input records=200000000
		Map output records=3
		Map output bytes=83
		Map output materialized bytes=95
		Input split bytes=128
		Combine input records=0
		Combine output records=0
		Reduce input groups=3
		Reduce shuffle bytes=95
		Reduce input records=3
		Reduce output records=1
		Spilled Records=6
		Shuffled Maps =1
		Failed Shuffles=0
		Merged Map outputs=1
		GC time elapsed (ms)=2748
		CPU time spent (ms)=171200
		Physical memory (bytes) snapshot=484204544
		Virtual memory (bytes) snapshot=3955138560
		Total committed heap usage (bytes)=328728576
	Shuffle Errors
		BAD_ID=0
		CONNECTION=0
		IO_ERROR=0
		WRONG_LENGTH=0
		WRONG_MAP=0
		WRONG_REDUCE=0
	File Input Format Counters 
		Bytes Read=80000000000
	File Output Format Counters 
		Bytes Written=25
printing checksum using part-r-00000...
checksum	17d764afbbd4cda1
Time taken: 3487 secs
