added manifest
adding: HadoopSort.class(in = 1806) (out= 974)(deflated 46%)
adding: HadoopSort$SumReducer.class(in = 1518) (out= 635)(deflated 58%)
adding: HadoopSort$TokenizeMapper.class(in = 1860) (out= 778)(deflated 58%)
18/04/29 15:38:55 INFO client.RMProxy: Connecting to ResourceManager at hadoop-h/192.168.2.36:8032
18/04/29 15:38:55 WARN mapreduce.JobResourceUploader: Hadoop command-line option parsing not performed. Implement the Tool interface and execute your application with ToolRunner to remedy this.
18/04/29 15:38:56 INFO input.FileInputFormat: Total input files to process : 1
18/04/29 15:38:56 INFO mapreduce.JobSubmitter: number of splits:120
18/04/29 15:38:56 INFO Configuration.deprecation: yarn.resourcemanager.system-metrics-publisher.enabled is deprecated. Instead, use yarn.system-metrics-publisher.enabled
18/04/29 15:38:56 INFO mapreduce.JobSubmitter: Submitting tokens for job: job_1524811304836_0105
18/04/29 15:38:56 INFO impl.YarnClientImpl: Submitted application application_1524811304836_0105
18/04/29 15:38:56 INFO mapreduce.Job: The url to track the job: http://hadoop-h:8088/proxy/application_1524811304836_0105/
18/04/29 15:38:56 INFO mapreduce.Job: Running job: job_1524811304836_0105
18/04/29 15:39:04 INFO mapreduce.Job: Job job_1524811304836_0105 running in uber mode : false
18/04/29 15:39:04 INFO mapreduce.Job:  map 0% reduce 0%
18/04/29 15:39:19 INFO mapreduce.Job:  map 1% reduce 0%
18/04/29 15:39:23 INFO mapreduce.Job:  map 2% reduce 0%
18/04/29 15:39:27 INFO mapreduce.Job:  map 9% reduce 0%
18/04/29 15:39:29 INFO mapreduce.Job:  map 15% reduce 0%
18/04/29 15:39:30 INFO mapreduce.Job:  map 21% reduce 0%
18/04/29 15:39:31 INFO mapreduce.Job:  map 22% reduce 0%
18/04/29 15:39:32 INFO mapreduce.Job:  map 23% reduce 0%
18/04/29 15:39:35 INFO mapreduce.Job:  map 24% reduce 0%
18/04/29 15:39:45 INFO mapreduce.Job:  map 24% reduce 6%
18/04/29 15:39:46 INFO mapreduce.Job:  map 25% reduce 6%
18/04/29 15:39:48 INFO mapreduce.Job:  map 26% reduce 6%
18/04/29 15:39:49 INFO mapreduce.Job:  map 32% reduce 6%
18/04/29 15:39:51 INFO mapreduce.Job:  map 32% reduce 9%
18/04/29 15:39:52 INFO mapreduce.Job:  map 34% reduce 9%
18/04/29 15:39:54 INFO mapreduce.Job:  map 38% reduce 9%
18/04/29 15:39:55 INFO mapreduce.Job:  map 41% reduce 9%
18/04/29 15:39:56 INFO mapreduce.Job:  map 45% reduce 9%
18/04/29 15:39:57 INFO mapreduce.Job:  map 46% reduce 10%
18/04/29 15:39:58 INFO mapreduce.Job:  map 47% reduce 10%
18/04/29 15:40:03 INFO mapreduce.Job:  map 47% reduce 12%
18/04/29 15:40:06 INFO mapreduce.Job:  map 48% reduce 12%
18/04/29 15:40:07 INFO mapreduce.Job:  map 49% reduce 12%
18/04/29 15:40:08 INFO mapreduce.Job:  map 50% reduce 12%
18/04/29 15:40:09 INFO mapreduce.Job:  map 52% reduce 15%
18/04/29 15:40:10 INFO mapreduce.Job:  map 55% reduce 15%
18/04/29 15:40:14 INFO mapreduce.Job:  map 56% reduce 15%
18/04/29 15:40:15 INFO mapreduce.Job:  map 57% reduce 17%
18/04/29 15:40:16 INFO mapreduce.Job:  map 59% reduce 17%
18/04/29 15:40:17 INFO mapreduce.Job:  map 62% reduce 17%
18/04/29 15:40:18 INFO mapreduce.Job:  map 67% reduce 17%
18/04/29 15:40:20 INFO mapreduce.Job:  map 70% reduce 17%
18/04/29 15:40:21 INFO mapreduce.Job:  map 70% reduce 19%
18/04/29 15:40:23 INFO mapreduce.Job:  map 71% reduce 19%
18/04/29 15:40:26 INFO mapreduce.Job:  map 72% reduce 19%
18/04/29 15:40:27 INFO mapreduce.Job:  map 73% reduce 21%
18/04/29 15:40:28 INFO mapreduce.Job:  map 76% reduce 21%
18/04/29 15:40:29 INFO mapreduce.Job:  map 77% reduce 21%
18/04/29 15:40:33 INFO mapreduce.Job:  map 77% reduce 24%
18/04/29 15:40:37 INFO mapreduce.Job:  map 79% reduce 24%
18/04/29 15:40:38 INFO mapreduce.Job:  map 80% reduce 24%
18/04/29 15:40:39 INFO mapreduce.Job:  map 82% reduce 26%
18/04/29 15:40:41 INFO mapreduce.Job:  map 85% reduce 26%
18/04/29 15:40:42 INFO mapreduce.Job:  map 89% reduce 26%
18/04/29 15:40:43 INFO mapreduce.Job:  map 94% reduce 26%
18/04/29 15:40:44 INFO mapreduce.Job:  map 96% reduce 26%
18/04/29 15:40:45 INFO mapreduce.Job:  map 96% reduce 28%
18/04/29 15:40:47 INFO mapreduce.Job:  map 97% reduce 28%
18/04/29 15:40:48 INFO mapreduce.Job:  map 98% reduce 28%
18/04/29 15:40:49 INFO mapreduce.Job:  map 99% reduce 28%
18/04/29 15:40:51 INFO mapreduce.Job:  map 99% reduce 30%
18/04/29 15:40:53 INFO mapreduce.Job:  map 100% reduce 30%
18/04/29 15:40:57 INFO mapreduce.Job:  map 100% reduce 33%
18/04/29 15:42:21 INFO mapreduce.Job:  map 100% reduce 37%
18/04/29 15:42:27 INFO mapreduce.Job:  map 100% reduce 39%
18/04/29 15:42:33 INFO mapreduce.Job:  map 100% reduce 46%
18/04/29 15:42:39 INFO mapreduce.Job:  map 100% reduce 50%
18/04/29 15:42:45 INFO mapreduce.Job:  map 100% reduce 57%
18/04/29 15:42:51 INFO mapreduce.Job:  map 100% reduce 61%
18/04/29 15:42:57 INFO mapreduce.Job:  map 100% reduce 66%
18/04/29 15:43:03 INFO mapreduce.Job:  map 100% reduce 68%
18/04/29 15:43:10 INFO mapreduce.Job:  map 100% reduce 69%
18/04/29 15:43:16 INFO mapreduce.Job:  map 100% reduce 70%
18/04/29 15:43:22 INFO mapreduce.Job:  map 100% reduce 72%
18/04/29 15:43:34 INFO mapreduce.Job:  map 100% reduce 74%
18/04/29 15:43:40 INFO mapreduce.Job:  map 100% reduce 75%
18/04/29 15:43:46 INFO mapreduce.Job:  map 100% reduce 76%
18/04/29 15:43:52 INFO mapreduce.Job:  map 100% reduce 78%
18/04/29 15:44:04 INFO mapreduce.Job:  map 100% reduce 80%
18/04/29 15:44:10 INFO mapreduce.Job:  map 100% reduce 81%
18/04/29 15:44:16 INFO mapreduce.Job:  map 100% reduce 82%
18/04/29 15:44:23 INFO mapreduce.Job:  map 100% reduce 83%
18/04/29 15:44:29 INFO mapreduce.Job:  map 100% reduce 85%
18/04/29 15:44:35 INFO mapreduce.Job:  map 100% reduce 86%
18/04/29 15:44:41 INFO mapreduce.Job:  map 100% reduce 87%
18/04/29 15:44:47 INFO mapreduce.Job:  map 100% reduce 89%
18/04/29 15:44:59 INFO mapreduce.Job:  map 100% reduce 91%
18/04/29 15:45:05 INFO mapreduce.Job:  map 100% reduce 92%
18/04/29 15:45:11 INFO mapreduce.Job:  map 100% reduce 93%
18/04/29 15:45:17 INFO mapreduce.Job:  map 100% reduce 94%
18/04/29 15:45:23 INFO mapreduce.Job:  map 100% reduce 95%
18/04/29 15:45:29 INFO mapreduce.Job:  map 100% reduce 97%
18/04/29 15:45:36 INFO mapreduce.Job:  map 100% reduce 98%
18/04/29 15:45:42 INFO mapreduce.Job:  map 100% reduce 99%
18/04/29 15:45:46 INFO mapreduce.Job:  map 100% reduce 100%
18/04/29 15:45:46 INFO mapreduce.Job: Job job_1524811304836_0105 completed successfully
18/04/29 15:45:46 INFO mapreduce.Job: Counters: 51
	File System Counters
		FILE: Number of bytes read=17825923182
		FILE: Number of bytes written=26010300274
		FILE: Number of read operations=0
		FILE: Number of large read operations=0
		FILE: Number of write operations=0
		HDFS: Number of bytes read=8000500864
		HDFS: Number of bytes written=8000000000
		HDFS: Number of read operations=363
		HDFS: Number of large read operations=0
		HDFS: Number of write operations=2
	Job Counters 
		Killed map tasks=1
		Launched map tasks=121
		Launched reduce tasks=1
		Data-local map tasks=94
		Rack-local map tasks=27
		Total time spent by all maps in occupied slots (ms)=2370927
		Total time spent by all reduces in occupied slots (ms)=376145
		Total time spent by all map tasks (ms)=2370927
		Total time spent by all reduce tasks (ms)=376145
		Total vcore-milliseconds taken by all map tasks=2370927
		Total vcore-milliseconds taken by all reduce tasks=376145
		Total megabyte-milliseconds taken by all map tasks=2427829248
		Total megabyte-milliseconds taken by all reduce tasks=385172480
	Map-Reduce Framework
		Map input records=80000000
		Map output records=80000000
		Map output bytes=8000000000
		Map output materialized bytes=8160000720
		Input split bytes=13440
		Combine input records=80000000
		Combine output records=80000000
		Reduce input groups=80000000
		Reduce shuffle bytes=8160000720
		Reduce input records=80000000
		Reduce output records=80000000
		Spilled Records=254763945
		Shuffled Maps =120
		Failed Shuffles=0
		Merged Map outputs=120
		GC time elapsed (ms)=36135
		CPU time spent (ms)=1077440
		Physical memory (bytes) snapshot=35341451264
		Virtual memory (bytes) snapshot=238211223552
		Total committed heap usage (bytes)=24630001664
	Shuffle Errors
		BAD_ID=0
		CONNECTION=0
		IO_ERROR=0
		WRONG_LENGTH=0
		WRONG_MAP=0
		WRONG_REDUCE=0
	File Input Format Counters 
		Bytes Read=8000487424
	File Output Format Counters 
		Bytes Written=8000000000
VALIDATING THE OUTPUT...
18/04/29 15:45:48 INFO client.RMProxy: Connecting to ResourceManager at hadoop-h/192.168.2.36:8032
18/04/29 15:45:49 INFO input.FileInputFormat: Total input files to process : 1
Spent 53ms computing base-splits.
Spent 5ms computing TeraScheduler splits.
18/04/29 15:45:49 INFO mapreduce.JobSubmitter: number of splits:1
18/04/29 15:45:49 INFO Configuration.deprecation: yarn.resourcemanager.system-metrics-publisher.enabled is deprecated. Instead, use yarn.system-metrics-publisher.enabled
18/04/29 15:45:49 INFO mapreduce.JobSubmitter: Submitting tokens for job: job_1524811304836_0106
18/04/29 15:45:50 INFO impl.YarnClientImpl: Submitted application application_1524811304836_0106
18/04/29 15:45:50 INFO mapreduce.Job: The url to track the job: http://hadoop-h:8088/proxy/application_1524811304836_0106/
18/04/29 15:45:50 INFO mapreduce.Job: Running job: job_1524811304836_0106
18/04/29 15:45:57 INFO mapreduce.Job: Job job_1524811304836_0106 running in uber mode : false
18/04/29 15:45:57 INFO mapreduce.Job:  map 0% reduce 0%
18/04/29 15:46:14 INFO mapreduce.Job:  map 10% reduce 0%
18/04/29 15:46:20 INFO mapreduce.Job:  map 15% reduce 0%
18/04/29 15:46:26 INFO mapreduce.Job:  map 20% reduce 0%
18/04/29 15:46:32 INFO mapreduce.Job:  map 26% reduce 0%
18/04/29 15:46:38 INFO mapreduce.Job:  map 31% reduce 0%
18/04/29 15:46:44 INFO mapreduce.Job:  map 36% reduce 0%
18/04/29 15:46:50 INFO mapreduce.Job:  map 42% reduce 0%
18/04/29 15:46:57 INFO mapreduce.Job:  map 46% reduce 0%
18/04/29 15:47:03 INFO mapreduce.Job:  map 49% reduce 0%
18/04/29 15:47:09 INFO mapreduce.Job:  map 53% reduce 0%
18/04/29 15:47:15 INFO mapreduce.Job:  map 56% reduce 0%
18/04/29 15:47:20 INFO mapreduce.Job:  map 59% reduce 0%
18/04/29 15:47:26 INFO mapreduce.Job:  map 62% reduce 0%
18/04/29 15:47:32 INFO mapreduce.Job:  map 66% reduce 0%
18/04/29 15:47:35 INFO mapreduce.Job:  map 100% reduce 0%
18/04/29 15:47:41 INFO mapreduce.Job:  map 100% reduce 100%
18/04/29 15:47:41 INFO mapreduce.Job: Job job_1524811304836_0106 completed successfully
18/04/29 15:47:41 INFO mapreduce.Job: Counters: 49
	File System Counters
		FILE: Number of bytes read=95
		FILE: Number of bytes written=403671
		FILE: Number of read operations=0
		FILE: Number of large read operations=0
		FILE: Number of write operations=0
		HDFS: Number of bytes read=8000000127
		HDFS: Number of bytes written=25
		HDFS: Number of read operations=6
		HDFS: Number of large read operations=0
		HDFS: Number of write operations=2
	Job Counters 
		Launched map tasks=1
		Launched reduce tasks=1
		Rack-local map tasks=1
		Total time spent by all maps in occupied slots (ms)=95266
		Total time spent by all reduces in occupied slots (ms)=3361
		Total time spent by all map tasks (ms)=95266
		Total time spent by all reduce tasks (ms)=3361
		Total vcore-milliseconds taken by all map tasks=95266
		Total vcore-milliseconds taken by all reduce tasks=3361
		Total megabyte-milliseconds taken by all map tasks=97552384
		Total megabyte-milliseconds taken by all reduce tasks=3441664
	Map-Reduce Framework
		Map input records=80000000
		Map output records=3
		Map output bytes=83
		Map output materialized bytes=95
		Input split bytes=127
		Combine input records=0
		Combine output records=0
		Reduce input groups=3
		Reduce shuffle bytes=95
		Reduce input records=3
		Reduce output records=1
		Spilled Records=6
		Shuffled Maps =1
		Failed Shuffles=0
		Merged Map outputs=1
		GC time elapsed (ms)=1375
		CPU time spent (ms)=77970
		Physical memory (bytes) snapshot=487706624
		Virtual memory (bytes) snapshot=3946897408
		Total committed heap usage (bytes)=324009984
	Shuffle Errors
		BAD_ID=0
		CONNECTION=0
		IO_ERROR=0
		WRONG_LENGTH=0
		WRONG_MAP=0
		WRONG_REDUCE=0
	File Input Format Counters 
		Bytes Read=8000000000
	File Output Format Counters 
		Bytes Written=25
printing checksum using part-r-00000...
checksum	2626d6458319832
Time taken: 752 secs
