added manifest
adding: HadoopSort.class(in = 1806) (out= 974)(deflated 46%)
adding: HadoopSort$SumReducer.class(in = 1518) (out= 635)(deflated 58%)
adding: HadoopSort$TokenizeMapper.class(in = 1860) (out= 778)(deflated 58%)
18/04/29 14:48:49 INFO client.RMProxy: Connecting to ResourceManager at hadoop-f/192.168.2.30:8032
18/04/29 14:48:49 WARN mapreduce.JobResourceUploader: Hadoop command-line option parsing not performed. Implement the Tool interface and execute your application with ToolRunner to remedy this.
18/04/29 14:48:50 INFO input.FileInputFormat: Total input files to process : 1
18/04/29 14:48:50 INFO mapreduce.JobSubmitter: number of splits:298
18/04/29 14:48:50 INFO Configuration.deprecation: yarn.resourcemanager.system-metrics-publisher.enabled is deprecated. Instead, use yarn.system-metrics-publisher.enabled
18/04/29 14:48:50 INFO mapreduce.JobSubmitter: Submitting tokens for job: job_1524521941871_0434
18/04/29 14:48:51 INFO impl.YarnClientImpl: Submitted application application_1524521941871_0434
18/04/29 14:48:51 INFO mapreduce.Job: The url to track the job: http://hadoop-f:8088/proxy/application_1524521941871_0434/
18/04/29 14:48:51 INFO mapreduce.Job: Running job: job_1524521941871_0434
18/04/29 14:48:58 INFO mapreduce.Job: Job job_1524521941871_0434 running in uber mode : false
18/04/29 14:48:58 INFO mapreduce.Job:  map 0% reduce 0%
18/04/29 14:49:16 INFO mapreduce.Job:  map 1% reduce 0%
18/04/29 14:49:17 INFO mapreduce.Job:  map 2% reduce 0%
18/04/29 14:49:21 INFO mapreduce.Job:  map 4% reduce 0%
18/04/29 14:49:22 INFO mapreduce.Job:  map 6% reduce 0%
18/04/29 14:49:23 INFO mapreduce.Job:  map 7% reduce 0%
18/04/29 14:49:25 INFO mapreduce.Job:  map 8% reduce 0%
18/04/29 14:49:26 INFO mapreduce.Job:  map 9% reduce 0%
18/04/29 14:49:29 INFO mapreduce.Job:  map 10% reduce 0%
18/04/29 14:49:33 INFO mapreduce.Job:  map 11% reduce 0%
18/04/29 14:49:34 INFO mapreduce.Job:  map 12% reduce 0%
18/04/29 14:49:43 INFO mapreduce.Job:  map 13% reduce 0%
18/04/29 14:49:44 INFO mapreduce.Job:  map 14% reduce 0%
18/04/29 14:49:45 INFO mapreduce.Job:  map 15% reduce 0%
18/04/29 14:49:46 INFO mapreduce.Job:  map 16% reduce 3%
18/04/29 14:49:49 INFO mapreduce.Job:  map 17% reduce 3%
18/04/29 14:49:50 INFO mapreduce.Job:  map 18% reduce 3%
18/04/29 14:49:52 INFO mapreduce.Job:  map 18% reduce 4%
18/04/29 14:49:53 INFO mapreduce.Job:  map 21% reduce 4%
18/04/29 14:49:55 INFO mapreduce.Job:  map 22% reduce 4%
18/04/29 14:49:58 INFO mapreduce.Job:  map 22% reduce 6%
18/04/29 14:50:04 INFO mapreduce.Job:  map 22% reduce 7%
18/04/29 14:50:07 INFO mapreduce.Job:  map 25% reduce 7%
18/04/29 14:50:10 INFO mapreduce.Job:  map 26% reduce 8%
18/04/29 14:50:11 INFO mapreduce.Job:  map 27% reduce 8%
18/04/29 14:50:14 INFO mapreduce.Job:  map 28% reduce 8%
18/04/29 14:50:16 INFO mapreduce.Job:  map 29% reduce 9%
18/04/29 14:50:17 INFO mapreduce.Job:  map 30% reduce 9%
18/04/29 14:50:18 INFO mapreduce.Job:  map 31% reduce 9%
18/04/29 14:50:20 INFO mapreduce.Job:  map 32% reduce 9%
18/04/29 14:50:22 INFO mapreduce.Job:  map 32% reduce 10%
18/04/29 14:50:26 INFO mapreduce.Job:  map 34% reduce 10%
18/04/29 14:50:28 INFO mapreduce.Job:  map 36% reduce 11%
18/04/29 14:50:35 INFO mapreduce.Job:  map 36% reduce 12%
18/04/29 14:50:40 INFO mapreduce.Job:  map 38% reduce 12%
18/04/29 14:50:41 INFO mapreduce.Job:  map 39% reduce 12%
18/04/29 14:50:42 INFO mapreduce.Job:  map 41% reduce 12%
18/04/29 14:50:43 INFO mapreduce.Job:  map 42% reduce 12%
18/04/29 14:50:44 INFO mapreduce.Job:  map 43% reduce 12%
18/04/29 14:50:47 INFO mapreduce.Job:  map 44% reduce 13%
18/04/29 14:50:50 INFO mapreduce.Job:  map 46% reduce 13%
18/04/29 14:50:53 INFO mapreduce.Job:  map 46% reduce 15%
18/04/29 14:50:58 INFO mapreduce.Job:  map 47% reduce 15%
18/04/29 14:51:00 INFO mapreduce.Job:  map 48% reduce 15%
18/04/29 14:51:02 INFO mapreduce.Job:  map 49% reduce 15%
18/04/29 14:51:04 INFO mapreduce.Job:  map 50% reduce 15%
18/04/29 14:51:05 INFO mapreduce.Job:  map 50% reduce 16%
18/04/29 14:51:06 INFO mapreduce.Job:  map 51% reduce 16%
18/04/29 14:51:07 INFO mapreduce.Job:  map 52% reduce 16%
18/04/29 14:51:09 INFO mapreduce.Job:  map 53% reduce 16%
18/04/29 14:51:11 INFO mapreduce.Job:  map 55% reduce 17%
18/04/29 14:51:12 INFO mapreduce.Job:  map 56% reduce 17%
18/04/29 14:51:15 INFO mapreduce.Job:  map 57% reduce 17%
18/04/29 14:51:16 INFO mapreduce.Job:  map 58% reduce 17%
18/04/29 14:51:17 INFO mapreduce.Job:  map 58% reduce 18%
18/04/29 14:51:23 INFO mapreduce.Job:  map 58% reduce 19%
18/04/29 14:51:26 INFO mapreduce.Job:  map 59% reduce 19%
18/04/29 14:51:28 INFO mapreduce.Job:  map 60% reduce 19%
18/04/29 14:51:29 INFO mapreduce.Job:  map 61% reduce 19%
18/04/29 14:51:31 INFO mapreduce.Job:  map 63% reduce 19%
18/04/29 14:51:32 INFO mapreduce.Job:  map 66% reduce 19%
18/04/29 14:51:34 INFO mapreduce.Job:  map 67% reduce 20%
18/04/29 14:51:41 INFO mapreduce.Job:  map 67% reduce 22%
18/04/29 14:51:47 INFO mapreduce.Job:  map 68% reduce 22%
18/04/29 14:51:49 INFO mapreduce.Job:  map 69% reduce 22%
18/04/29 14:51:50 INFO mapreduce.Job:  map 70% reduce 22%
18/04/29 14:51:51 INFO mapreduce.Job:  map 71% reduce 22%
18/04/29 14:51:52 INFO mapreduce.Job:  map 72% reduce 22%
18/04/29 14:51:53 INFO mapreduce.Job:  map 74% reduce 23%
18/04/29 14:51:55 INFO mapreduce.Job:  map 75% reduce 23%
18/04/29 14:51:58 INFO mapreduce.Job:  map 76% reduce 23%
18/04/29 14:51:59 INFO mapreduce.Job:  map 76% reduce 24%
18/04/29 14:52:01 INFO mapreduce.Job:  map 77% reduce 24%
18/04/29 14:52:05 INFO mapreduce.Job:  map 78% reduce 25%
18/04/29 14:52:06 INFO mapreduce.Job:  map 79% reduce 25%
18/04/29 14:52:10 INFO mapreduce.Job:  map 80% reduce 25%
18/04/29 14:52:12 INFO mapreduce.Job:  map 80% reduce 26%
18/04/29 14:52:13 INFO mapreduce.Job:  map 82% reduce 26%
18/04/29 14:52:16 INFO mapreduce.Job:  map 83% reduce 26%
18/04/29 14:52:17 INFO mapreduce.Job:  map 84% reduce 26%
18/04/29 14:52:18 INFO mapreduce.Job:  map 85% reduce 27%
18/04/29 14:52:21 INFO mapreduce.Job:  map 86% reduce 27%
18/04/29 14:52:23 INFO mapreduce.Job:  map 86% reduce 28%
18/04/29 14:52:27 INFO mapreduce.Job:  map 88% reduce 28%
18/04/29 14:52:29 INFO mapreduce.Job:  map 88% reduce 29%
18/04/29 14:52:30 INFO mapreduce.Job:  map 89% reduce 29%
18/04/29 14:52:34 INFO mapreduce.Job:  map 90% reduce 29%
18/04/29 14:52:35 INFO mapreduce.Job:  map 90% reduce 30%
18/04/29 14:52:37 INFO mapreduce.Job:  map 91% reduce 30%
18/04/29 14:52:39 INFO mapreduce.Job:  map 92% reduce 30%
18/04/29 14:52:41 INFO mapreduce.Job:  map 93% reduce 30%
18/04/29 14:52:43 INFO mapreduce.Job:  map 94% reduce 30%
18/04/29 14:52:48 INFO mapreduce.Job:  map 95% reduce 31%
18/04/29 14:52:49 INFO mapreduce.Job:  map 96% reduce 31%
18/04/29 14:52:53 INFO mapreduce.Job:  map 97% reduce 31%
18/04/29 14:52:54 INFO mapreduce.Job:  map 97% reduce 32%
18/04/29 14:52:58 INFO mapreduce.Job:  map 98% reduce 32%
18/04/29 14:53:06 INFO mapreduce.Job:  map 99% reduce 33%
18/04/29 14:53:07 INFO mapreduce.Job:  map 100% reduce 33%
18/04/29 14:57:31 INFO mapreduce.Job:  map 100% reduce 34%
18/04/29 14:57:37 INFO mapreduce.Job:  map 100% reduce 35%
18/04/29 14:57:43 INFO mapreduce.Job:  map 100% reduce 36%
18/04/29 14:57:49 INFO mapreduce.Job:  map 100% reduce 37%
18/04/29 14:58:01 INFO mapreduce.Job:  map 100% reduce 38%
18/04/29 14:58:07 INFO mapreduce.Job:  map 100% reduce 39%
18/04/29 14:58:13 INFO mapreduce.Job:  map 100% reduce 40%
18/04/29 14:58:19 INFO mapreduce.Job:  map 100% reduce 41%
18/04/29 14:58:25 INFO mapreduce.Job:  map 100% reduce 42%
18/04/29 14:58:37 INFO mapreduce.Job:  map 100% reduce 43%
18/04/29 14:58:43 INFO mapreduce.Job:  map 100% reduce 44%
18/04/29 14:58:49 INFO mapreduce.Job:  map 100% reduce 45%
18/04/29 14:58:55 INFO mapreduce.Job:  map 100% reduce 46%
18/04/29 14:59:07 INFO mapreduce.Job:  map 100% reduce 47%
18/04/29 14:59:13 INFO mapreduce.Job:  map 100% reduce 48%
18/04/29 14:59:19 INFO mapreduce.Job:  map 100% reduce 49%
18/04/29 14:59:25 INFO mapreduce.Job:  map 100% reduce 50%
18/04/29 14:59:31 INFO mapreduce.Job:  map 100% reduce 51%
18/04/29 14:59:44 INFO mapreduce.Job:  map 100% reduce 52%
18/04/29 14:59:50 INFO mapreduce.Job:  map 100% reduce 53%
18/04/29 14:59:56 INFO mapreduce.Job:  map 100% reduce 54%
18/04/29 15:00:02 INFO mapreduce.Job:  map 100% reduce 55%
18/04/29 15:00:08 INFO mapreduce.Job:  map 100% reduce 56%
18/04/29 15:00:20 INFO mapreduce.Job:  map 100% reduce 57%
18/04/29 15:00:26 INFO mapreduce.Job:  map 100% reduce 58%
18/04/29 15:00:31 INFO mapreduce.Job:  map 100% reduce 59%
18/04/29 15:00:37 INFO mapreduce.Job:  map 100% reduce 60%
18/04/29 15:00:43 INFO mapreduce.Job:  map 100% reduce 61%
18/04/29 15:00:55 INFO mapreduce.Job:  map 100% reduce 62%
18/04/29 15:01:01 INFO mapreduce.Job:  map 100% reduce 63%
18/04/29 15:01:07 INFO mapreduce.Job:  map 100% reduce 64%
18/04/29 15:01:13 INFO mapreduce.Job:  map 100% reduce 65%
18/04/29 15:01:25 INFO mapreduce.Job:  map 100% reduce 66%
18/04/29 15:01:31 INFO mapreduce.Job:  map 100% reduce 67%
18/04/29 15:01:43 INFO mapreduce.Job:  map 100% reduce 68%
18/04/29 15:01:49 INFO mapreduce.Job:  map 100% reduce 69%
18/04/29 15:02:01 INFO mapreduce.Job:  map 100% reduce 70%
18/04/29 15:02:13 INFO mapreduce.Job:  map 100% reduce 71%
18/04/29 15:02:25 INFO mapreduce.Job:  map 100% reduce 72%
18/04/29 15:02:38 INFO mapreduce.Job:  map 100% reduce 73%
18/04/29 15:02:50 INFO mapreduce.Job:  map 100% reduce 74%
18/04/29 15:02:56 INFO mapreduce.Job:  map 100% reduce 75%
18/04/29 15:03:08 INFO mapreduce.Job:  map 100% reduce 76%
18/04/29 15:03:20 INFO mapreduce.Job:  map 100% reduce 77%
18/04/29 15:03:32 INFO mapreduce.Job:  map 100% reduce 78%
18/04/29 15:03:44 INFO mapreduce.Job:  map 100% reduce 79%
18/04/29 15:03:50 INFO mapreduce.Job:  map 100% reduce 80%
18/04/29 15:04:02 INFO mapreduce.Job:  map 100% reduce 81%
18/04/29 15:04:14 INFO mapreduce.Job:  map 100% reduce 82%
18/04/29 15:04:26 INFO mapreduce.Job:  map 100% reduce 83%
18/04/29 15:04:38 INFO mapreduce.Job:  map 100% reduce 84%
18/04/29 15:04:50 INFO mapreduce.Job:  map 100% reduce 85%
18/04/29 15:05:02 INFO mapreduce.Job:  map 100% reduce 86%
18/04/29 15:05:08 INFO mapreduce.Job:  map 100% reduce 87%
18/04/29 15:05:20 INFO mapreduce.Job:  map 100% reduce 88%
18/04/29 15:05:33 INFO mapreduce.Job:  map 100% reduce 89%
18/04/29 15:05:45 INFO mapreduce.Job:  map 100% reduce 90%
18/04/29 15:05:57 INFO mapreduce.Job:  map 100% reduce 91%
18/04/29 15:06:09 INFO mapreduce.Job:  map 100% reduce 92%
18/04/29 15:06:21 INFO mapreduce.Job:  map 100% reduce 93%
18/04/29 15:06:27 INFO mapreduce.Job:  map 100% reduce 94%
18/04/29 15:06:39 INFO mapreduce.Job:  map 100% reduce 95%
18/04/29 15:06:51 INFO mapreduce.Job:  map 100% reduce 96%
18/04/29 15:07:03 INFO mapreduce.Job:  map 100% reduce 97%
18/04/29 15:07:14 INFO mapreduce.Job:  map 100% reduce 98%
18/04/29 15:07:26 INFO mapreduce.Job:  map 100% reduce 99%
18/04/29 15:07:38 INFO mapreduce.Job:  map 100% reduce 100%
18/04/29 15:07:39 INFO mapreduce.Job: Job job_1524521941871_0434 completed successfully
18/04/29 15:07:39 INFO mapreduce.Job: Counters: 51
	File System Counters
		FILE: Number of bytes read=55859230368
		FILE: Number of bytes written=76319468828
		FILE: Number of read operations=0
		FILE: Number of large read operations=0
		FILE: Number of write operations=0
		HDFS: Number of bytes read=20001250484
		HDFS: Number of bytes written=20000000000
		HDFS: Number of read operations=897
		HDFS: Number of large read operations=0
		HDFS: Number of write operations=2
	Job Counters 
		Killed map tasks=2
		Launched map tasks=300
		Launched reduce tasks=1
		Data-local map tasks=277
		Rack-local map tasks=23
		Total time spent by all maps in occupied slots (ms)=6061180
		Total time spent by all reduces in occupied slots (ms)=1094609
		Total time spent by all map tasks (ms)=6061180
		Total time spent by all reduce tasks (ms)=1094609
		Total vcore-milliseconds taken by all map tasks=6061180
		Total vcore-milliseconds taken by all reduce tasks=1094609
		Total megabyte-milliseconds taken by all map tasks=6206648320
		Total megabyte-milliseconds taken by all reduce tasks=1120879616
	Map-Reduce Framework
		Map input records=200000000
		Map output records=200000000
		Map output bytes=20000000000
		Map output materialized bytes=20400001788
		Input split bytes=33972
		Combine input records=200000000
		Combine output records=200000000
		Reduce input groups=200000000
		Reduce shuffle bytes=20400001788
		Reduce input records=200000000
		Reduce output records=200000000
		Spilled Records=747639494
		Shuffled Maps =298
		Failed Shuffles=0
		Merged Map outputs=298
		GC time elapsed (ms)=97523
		CPU time spent (ms)=2791790
		Physical memory (bytes) snapshot=87534698496
		Virtual memory (bytes) snapshot=588837519360
		Total committed heap usage (bytes)=61020307456
	Shuffle Errors
		BAD_ID=0
		CONNECTION=0
		IO_ERROR=0
		WRONG_LENGTH=0
		WRONG_MAP=0
		WRONG_REDUCE=0
	File Input Format Counters 
		Bytes Read=20001216512
	File Output Format Counters 
		Bytes Written=20000000000
VALIDATING THE OUTPUT...
18/04/29 15:07:42 INFO client.RMProxy: Connecting to ResourceManager at hadoop-f/192.168.2.30:8032
18/04/29 15:07:42 INFO input.FileInputFormat: Total input files to process : 1
Spent 91ms computing base-splits.
Spent 7ms computing TeraScheduler splits.
18/04/29 15:07:43 INFO mapreduce.JobSubmitter: number of splits:1
18/04/29 15:07:43 INFO Configuration.deprecation: yarn.resourcemanager.system-metrics-publisher.enabled is deprecated. Instead, use yarn.system-metrics-publisher.enabled
18/04/29 15:07:43 INFO mapreduce.JobSubmitter: Submitting tokens for job: job_1524521941871_0435
18/04/29 15:07:43 INFO impl.YarnClientImpl: Submitted application application_1524521941871_0435
18/04/29 15:07:43 INFO mapreduce.Job: The url to track the job: http://hadoop-f:8088/proxy/application_1524521941871_0435/
18/04/29 15:07:43 INFO mapreduce.Job: Running job: job_1524521941871_0435
18/04/29 15:07:50 INFO mapreduce.Job: Job job_1524521941871_0435 running in uber mode : false
18/04/29 15:07:50 INFO mapreduce.Job:  map 0% reduce 0%
18/04/29 15:08:11 INFO mapreduce.Job:  map 4% reduce 0%
18/04/29 15:08:16 INFO mapreduce.Job:  map 6% reduce 0%
18/04/29 15:08:22 INFO mapreduce.Job:  map 9% reduce 0%
18/04/29 15:08:28 INFO mapreduce.Job:  map 11% reduce 0%
18/04/29 15:08:34 INFO mapreduce.Job:  map 14% reduce 0%
18/04/29 15:08:40 INFO mapreduce.Job:  map 16% reduce 0%
18/04/29 15:08:46 INFO mapreduce.Job:  map 19% reduce 0%
18/04/29 15:08:52 INFO mapreduce.Job:  map 21% reduce 0%
18/04/29 15:08:58 INFO mapreduce.Job:  map 23% reduce 0%
18/04/29 15:09:04 INFO mapreduce.Job:  map 26% reduce 0%
18/04/29 15:09:10 INFO mapreduce.Job:  map 28% reduce 0%
18/04/29 15:09:16 INFO mapreduce.Job:  map 31% reduce 0%
18/04/29 15:09:22 INFO mapreduce.Job:  map 33% reduce 0%
18/04/29 15:09:28 INFO mapreduce.Job:  map 36% reduce 0%
18/04/29 15:09:35 INFO mapreduce.Job:  map 38% reduce 0%
18/04/29 15:09:41 INFO mapreduce.Job:  map 41% reduce 0%
18/04/29 15:09:47 INFO mapreduce.Job:  map 43% reduce 0%
18/04/29 15:09:53 INFO mapreduce.Job:  map 46% reduce 0%
18/04/29 15:09:59 INFO mapreduce.Job:  map 48% reduce 0%
18/04/29 15:10:05 INFO mapreduce.Job:  map 51% reduce 0%
18/04/29 15:10:11 INFO mapreduce.Job:  map 53% reduce 0%
18/04/29 15:10:17 INFO mapreduce.Job:  map 56% reduce 0%
18/04/29 15:10:23 INFO mapreduce.Job:  map 58% reduce 0%
18/04/29 15:10:29 INFO mapreduce.Job:  map 60% reduce 0%
18/04/29 15:10:35 INFO mapreduce.Job:  map 62% reduce 0%
18/04/29 15:10:41 INFO mapreduce.Job:  map 65% reduce 0%
18/04/29 15:10:46 INFO mapreduce.Job:  map 100% reduce 0%
18/04/29 15:10:52 INFO mapreduce.Job:  map 100% reduce 100%
18/04/29 15:10:53 INFO mapreduce.Job: Job job_1524521941871_0435 completed successfully
18/04/29 15:10:54 INFO mapreduce.Job: Counters: 49
	File System Counters
		FILE: Number of bytes read=95
		FILE: Number of bytes written=403673
		FILE: Number of read operations=0
		FILE: Number of large read operations=0
		FILE: Number of write operations=0
		HDFS: Number of bytes read=20000000128
		HDFS: Number of bytes written=25
		HDFS: Number of read operations=6
		HDFS: Number of large read operations=0
		HDFS: Number of write operations=2
	Job Counters 
		Launched map tasks=1
		Launched reduce tasks=1
		Data-local map tasks=1
		Total time spent by all maps in occupied slots (ms)=173554
		Total time spent by all reduces in occupied slots (ms)=3215
		Total time spent by all map tasks (ms)=173554
		Total time spent by all reduce tasks (ms)=3215
		Total vcore-milliseconds taken by all map tasks=173554
		Total vcore-milliseconds taken by all reduce tasks=3215
		Total megabyte-milliseconds taken by all map tasks=177719296
		Total megabyte-milliseconds taken by all reduce tasks=3292160
	Map-Reduce Framework
		Map input records=200000000
		Map output records=3
		Map output bytes=83
		Map output materialized bytes=95
		Input split bytes=128
		Combine input records=0
		Combine output records=0
		Reduce input groups=3
		Reduce shuffle bytes=95
		Reduce input records=3
		Reduce output records=1
		Spilled Records=6
		Shuffled Maps =1
		Failed Shuffles=0
		Merged Map outputs=1
		GC time elapsed (ms)=2748
		CPU time spent (ms)=171200
		Physical memory (bytes) snapshot=484204544
		Virtual memory (bytes) snapshot=3955138560
		Total committed heap usage (bytes)=328728576
	Shuffle Errors
		BAD_ID=0
		CONNECTION=0
		IO_ERROR=0
		WRONG_LENGTH=0
		WRONG_MAP=0
		WRONG_REDUCE=0
	File Input Format Counters 
		Bytes Read=20000000000
	File Output Format Counters 
		Bytes Written=25
printing checksum using part-r-00000...
checksum	5f5f8d593c11665
Time taken: 1133 secs
